Unity Editor version:    2021.2.6f1 (8c4e826ba445)
Branch:                  2021.2/staging
Build type:              Release
Batch mode:              YES
macOS version:           Version 12.1 (Build 21C52)
Darwin version:          21.2.0
Architecture:            arm64
Running under Rosetta:   NO
Available memory:        8192 MB
Using pre-set license
Pro License: NO

COMMAND LINE ARGUMENTS:
/Applications/Unity/Hub/Editor/2021.2.6f1/Unity.app/Contents/MacOS/Unity
-adb2
-batchMode
-noUpm
-name
AssetImportWorker0
-projectPath
/Users/lbp/Documents/Unity Projects/Speed-of-Sound
-logFile
Logs/AssetImportWorker0.log
-srvPort
50978
Successfully changed project path to: /Users/lbp/Documents/Unity Projects/Speed-of-Sound
/Users/lbp/Documents/Unity Projects/Speed-of-Sound
[UnityMemory] Configuration Parameters - Can be set up in boot.config
    "memorysetup-bucket-allocator-granularity=16"
    "memorysetup-bucket-allocator-bucket-count=8"
    "memorysetup-bucket-allocator-block-size=33554432"
    "memorysetup-bucket-allocator-block-count=8"
    "memorysetup-main-allocator-block-size=16777216"
    "memorysetup-thread-allocator-block-size=16777216"
    "memorysetup-gfx-main-allocator-block-size=16777216"
    "memorysetup-gfx-thread-allocator-block-size=16777216"
    "memorysetup-cache-allocator-block-size=4194304"
    "memorysetup-typetree-allocator-block-size=2097152"
    "memorysetup-profiler-bucket-allocator-granularity=16"
    "memorysetup-profiler-bucket-allocator-bucket-count=8"
    "memorysetup-profiler-bucket-allocator-block-size=33554432"
    "memorysetup-profiler-bucket-allocator-block-count=8"
    "memorysetup-profiler-allocator-block-size=16777216"
    "memorysetup-profiler-editor-allocator-block-size=1048576"
    "memorysetup-temp-allocator-size-main=16777216"
    "memorysetup-job-temp-allocator-block-size=2097152"
    "memorysetup-job-temp-allocator-block-size-background=1048576"
    "memorysetup-job-temp-allocator-reduction-small-platforms=262144"
    "memorysetup-temp-allocator-size-background-worker=32768"
    "memorysetup-temp-allocator-size-job-worker=262144"
    "memorysetup-temp-allocator-size-preload-manager=33554432"
    "memorysetup-temp-allocator-size-nav-mesh-worker=65536"
    "memorysetup-temp-allocator-size-audio-worker=65536"
    "memorysetup-temp-allocator-size-cloud-worker=32768"
    "memorysetup-temp-allocator-size-gi-baking-worker=262144"
    "memorysetup-temp-allocator-size-gfx=262144"
Refreshing native plugins compatible for Editor in 113.68 ms, found 4 plugins.
Preloading 0 native plugins for Editor in 0.00 ms.
Initialize engine version: 2021.2.6f1 (8c4e826ba445)
[Subsystems] Discovering subsystems at path /Applications/Unity/Hub/Editor/2021.2.6f1/Unity.app/Contents/Resources/UnitySubsystems
[Subsystems] Discovering subsystems at path /Users/lbp/Documents/Unity Projects/Speed-of-Sound/Assets
GfxDevice: creating device client; threaded=0; jobified=0
 preferred device: Apple M1 (high power)
Metal devices available: 1
0: Apple M1 (high power)
Using device Apple M1 (high power)
Initializing Metal device caps: Apple M1
Initialize mono
Mono path[0] = '/Applications/Unity/Hub/Editor/2021.2.6f1/Unity.app/Contents/Managed'
Mono path[1] = '/Applications/Unity/Hub/Editor/2021.2.6f1/Unity.app/Contents/MonoBleedingEdge/lib/mono/unityjit-macos'
Mono config path = '/Applications/Unity/Hub/Editor/2021.2.6f1/Unity.app/Contents/MonoBleedingEdge/etc'
Using monoOptions --debugger-agent=transport=dt_socket,embedding=1,server=y,suspend=n,address=127.0.0.1:56468
Begin MonoManager ReloadAssembly
Registering precompiled unity dll's ...
Register platform support module: /Applications/Unity/Hub/Editor/2021.2.6f1/Unity.app/Contents/PlaybackEngines/MacStandaloneSupport/UnityEditor.OSXStandalone.Extensions.dll
Registered in 0.003026 seconds.
Native extension for OSXStandalone target not found
Refreshing native plugins compatible for Editor in 103.26 ms, found 4 plugins.
Preloading 0 native plugins for Editor in 0.00 ms.
Mono: successfully reloaded assembly
- Completed reload, in  0.434 seconds
Domain Reload Profiling:
	ReloadAssembly (434ms)
		BeginReloadAssembly (64ms)
			ExecutionOrderSort (0ms)
			DisableScriptedObjects (0ms)
			BackupInstance (0ms)
			ReleaseScriptingObjects (0ms)
			CreateAndSetChildDomain (0ms)
		EndReloadAssembly (319ms)
			LoadAssemblies (64ms)
			RebuildTransferFunctionScriptingTraits (0ms)
			SetupTypeCache (66ms)
			ReleaseScriptCaches (0ms)
			RebuildScriptCaches (17ms)
			SetupLoadedEditorAssemblies (208ms)
				LogAssemblyErrors (0ms)
				InitializePlatformSupportModulesInManaged (6ms)
				SetLoadedEditorAssemblies (0ms)
				RefreshPlugins (103ms)
				BeforeProcessingInitializeOnLoad (1ms)
				ProcessInitializeOnLoadAttributes (74ms)
				ProcessInitializeOnLoadMethodAttributes (23ms)
				AfterProcessingInitializeOnLoad (0ms)
				EditorAssembliesLoaded (0ms)
			ExecutionOrderSort2 (0ms)
			AwakeInstancesAfterBackupRestoration (0ms)
Platform modules already initialized, skipping
Registering precompiled user dll's ...
Registered in 0.008807 seconds.
Begin MonoManager ReloadAssembly
Symbol file LoadedFromMemory doesn't match image /Users/lbp/Documents/Unity Projects/Speed-of-Sound/Library/PackageCache/com.unity.visualscripting@1.7.5/Editor/VisualScripting.Core/Dependencies/DotNetZip/Unity.VisualScripting.IonicZip.dll
Symbol file LoadedFromMemory doesn't match image /Users/lbp/Documents/Unity Projects/Speed-of-Sound/Library/PackageCache/com.unity.visualscripting@1.7.5/Editor/VisualScripting.Core/Dependencies/YamlDotNet/Unity.VisualScripting.YamlDotNet.dll
Native extension for OSXStandalone target not found
Refreshing native plugins compatible for Editor in 116.19 ms, found 4 plugins.
Preloading 0 native plugins for Editor in 0.00 ms.
Mono: successfully reloaded assembly
- Completed reload, in  2.460 seconds
Domain Reload Profiling:
	ReloadAssembly (2460ms)
		BeginReloadAssembly (62ms)
			ExecutionOrderSort (0ms)
			DisableScriptedObjects (7ms)
			BackupInstance (0ms)
			ReleaseScriptingObjects (0ms)
			CreateAndSetChildDomain (15ms)
		EndReloadAssembly (2334ms)
			LoadAssemblies (95ms)
			RebuildTransferFunctionScriptingTraits (0ms)
			SetupTypeCache (209ms)
			ReleaseScriptCaches (2ms)
			RebuildScriptCaches (52ms)
			SetupLoadedEditorAssemblies (1946ms)
				LogAssemblyErrors (0ms)
				InitializePlatformSupportModulesInManaged (4ms)
				SetLoadedEditorAssemblies (0ms)
				RefreshPlugins (116ms)
				BeforeProcessingInitializeOnLoad (80ms)
				ProcessInitializeOnLoadAttributes (1713ms)
				ProcessInitializeOnLoadMethodAttributes (31ms)
				AfterProcessingInitializeOnLoad (1ms)
				EditorAssembliesLoaded (0ms)
			ExecutionOrderSort2 (0ms)
			AwakeInstancesAfterBackupRestoration (2ms)
Platform modules already initialized, skipping
========================================================================
Worker process is ready to serve import requests
Launching external process: /Applications/Unity/Hub/Editor/2021.2.6f1/Unity.app/Contents/Tools/UnityShaderCompiler
Launched and connected shader compiler UnityShaderCompiler after 0.06 seconds
Refreshing native plugins compatible for Editor in 1.26 ms, found 4 plugins.
Preloading 0 native plugins for Editor in 0.00 ms.
Unloading 6062 Unused Serialized files (Serialized files now loaded: 0)
Unloading 281 unused Assets / (0.9 MB). Loaded Objects now: 6427.
Memory consumption went from 389.1 MB to 388.2 MB.
Total: 5.541458 ms (FindLiveObjects: 0.370583 ms CreateObjectMapping: 0.108500 ms MarkObjects: 4.460583 ms  DeleteObjects: 0.600417 ms)

AssetImportParameters requested are different than current active one (requested -> active):
  custom:video-decoder-ogg-theora: a1e56fd34408186e4bbccfd4996cb3dc -> 
  custom:container-muxer-webm: aa71ff27fc2769a1b78a27578f13a17b -> 
  custom:container-demuxer-webm: 4f35f7cbe854078d1ac9338744f61a02 -> 
  custom:video-encoder-webm-vp8: eb34c28f22e8b96e1ab97ce403110664 -> 
  custom:framework-osx-AVFoundation: e770b220cccbd017edd2c1fefb359320 -> 
  custom:audio-encoder-webm-vorbis: bf7c407c2cedff20999df2af8eb42d56 -> 
  custom:container-demuxer-ogg: 62fdf1f143b41e24485cea50d1cbac27 -> 
  custom:video-decoder-webm-vp8: 9c59270c3fd7afecdb556c50c9e8de78 -> 
  custom:audio-decoder-ogg-vorbis: bf7c407c2cedff20999df2af8eb42d56 -> 
========================================================================
Received Import Request.
  Time since last request: 513737.407685 seconds.
  path: Assets/Scenes/Levels/(3) Rocket Division/Level 7 - Up In Space/LightingData.asset
  artifactKey: Guid(3659ec33f77104927affb869ee71da52) Importer(815301076,1909f56bfc062723c751e8b465ee728b)
Start importing Assets/Scenes/Levels/(3) Rocket Division/Level 7 - Up In Space/LightingData.asset using Guid(3659ec33f77104927affb869ee71da52) Importer(815301076,1909f56bfc062723c751e8b465ee728b)  -> (artifact id: '76c5196da24b7e8baa4cdb4341ace617') in 0.900100 seconds 
========================================================================
Received Import Request.
  Time since last request: 29.716221 seconds.
  path: Assets/Scenes/Levels/(1) Racecar Division/Level 2 - Through The Walls.unity
  artifactKey: Guid(c9c76e3d8c9fa4d3ebd18bc4ef24f895) Importer(815301076,1909f56bfc062723c751e8b465ee728b)
Start importing Assets/Scenes/Levels/(1) Racecar Division/Level 2 - Through The Walls.unity using Guid(c9c76e3d8c9fa4d3ebd18bc4ef24f895) Importer(815301076,1909f56bfc062723c751e8b465ee728b)  -> (artifact id: '9f3a390ecc7bea64ff0dc9a3ea0163f5') in 0.003167 seconds 
========================================================================
Received Import Request.
  Time since last request: 13.046841 seconds.
  path: Assets/Scenes/Levels/(1) Racecar Division/Level 3 - Relay Race.unity
  artifactKey: Guid(3e5bca541bae42545bd78ae76a1ddad8) Importer(815301076,1909f56bfc062723c751e8b465ee728b)
Start importing Assets/Scenes/Levels/(1) Racecar Division/Level 3 - Relay Race.unity using Guid(3e5bca541bae42545bd78ae76a1ddad8) Importer(815301076,1909f56bfc062723c751e8b465ee728b)  -> (artifact id: 'd73138a7009b58aee58b0f2636b428a6') in 0.003648 seconds 
========================================================================
Received Import Request.
  Time since last request: 45.108531 seconds.
  path: Assets/Scenes/Levels/(2) Jet Division/Level 4 - Into The Woods.unity
  artifactKey: Guid(99e9b858c651b47f8b1a9a13d1e5d2a2) Importer(815301076,1909f56bfc062723c751e8b465ee728b)
Start importing Assets/Scenes/Levels/(2) Jet Division/Level 4 - Into The Woods.unity using Guid(99e9b858c651b47f8b1a9a13d1e5d2a2) Importer(815301076,1909f56bfc062723c751e8b465ee728b)  -> (artifact id: '909031e32815207911a80e7015b02623') in 0.004173 seconds 
========================================================================
Received Import Request.
  Time since last request: 28.162622 seconds.
  path: Assets/Scenes/Levels/(2) Jet Division/Level 5 - Beyond The Earth.unity
  artifactKey: Guid(f38948b0287612741a7e118595a9da19) Importer(815301076,1909f56bfc062723c751e8b465ee728b)
Start importing Assets/Scenes/Levels/(2) Jet Division/Level 5 - Beyond The Earth.unity using Guid(f38948b0287612741a7e118595a9da19) Importer(815301076,1909f56bfc062723c751e8b465ee728b)  -> (artifact id: '40ed81e6409b8cb28ba457152fbb71ef') in 0.004339 seconds 
========================================================================
Received Import Request.
  Time since last request: 20.396811 seconds.
  path: Assets/Scenes/Menus/LevelSelectMenu.unity
  artifactKey: Guid(402545adc46966f4b8ae0dbc31419fa2) Importer(815301076,1909f56bfc062723c751e8b465ee728b)
Start importing Assets/Scenes/Menus/LevelSelectMenu.unity using Guid(402545adc46966f4b8ae0dbc31419fa2) Importer(815301076,1909f56bfc062723c751e8b465ee728b)  -> (artifact id: '7da9f801e2c715adc9e8d8aa591c4e39') in 0.004648 seconds 
========================================================================
Received Import Request.
  Time since last request: 22.586069 seconds.
  path: Assets/Scenes/Levels/(3) Rocket Division/Level 6 - Super Parkour Galaxy.unity
  artifactKey: Guid(362dfbd17eeb34846a1af32569af6dc8) Importer(815301076,1909f56bfc062723c751e8b465ee728b)
Start importing Assets/Scenes/Levels/(3) Rocket Division/Level 6 - Super Parkour Galaxy.unity using Guid(362dfbd17eeb34846a1af32569af6dc8) Importer(815301076,1909f56bfc062723c751e8b465ee728b)  -> (artifact id: 'e4d74e4d1bda2f7365ce09e39c9bb795') in 0.002119 seconds 
========================================================================
Received Import Request.
  Time since last request: 45.763189 seconds.
  path: Assets/Images/New Folder
  artifactKey: Guid(74f6f581b2b8d4574bbf0db5bb97945a) Importer(815301076,1909f56bfc062723c751e8b465ee728b)
Start importing Assets/Images/New Folder using Guid(74f6f581b2b8d4574bbf0db5bb97945a) Importer(815301076,1909f56bfc062723c751e8b465ee728b)  -> (artifact id: '212a54728b224c29266d5ac66a63fdd7') in 0.001595 seconds 
========================================================================
Received Import Request.
  Time since last request: 5.772837 seconds.
  path: Assets/Images/Level Images
  artifactKey: Guid(74f6f581b2b8d4574bbf0db5bb97945a) Importer(815301076,1909f56bfc062723c751e8b465ee728b)
Start importing Assets/Images/Level Images using Guid(74f6f581b2b8d4574bbf0db5bb97945a) Importer(815301076,1909f56bfc062723c751e8b465ee728b)  -> (artifact id: 'cae98d5f490e7819d6a7615842f46238') in 0.001193 seconds 
========================================================================
Received Import Request.
  Time since last request: 6.174677 seconds.
  path: Assets/Images/Level Images/Level 1.png
  artifactKey: Guid(5c166154140cb4c788889cef4a4b7075) Importer(815301076,1909f56bfc062723c751e8b465ee728b)
Start importing Assets/Images/Level Images/Level 1.png using Guid(5c166154140cb4c788889cef4a4b7075) Importer(815301076,1909f56bfc062723c751e8b465ee728b)  -> (artifact id: '667841d46413add4555ee69828d738a4') in 0.485371 seconds 
========================================================================
Received Import Request.
  Time since last request: 0.000070 seconds.
  path: Assets/Images/Level Images/Level 5.png
  artifactKey: Guid(23cdfb5edfa964896804ddab50ff7305) Importer(815301076,1909f56bfc062723c751e8b465ee728b)
Start importing Assets/Images/Level Images/Level 5.png using Guid(23cdfb5edfa964896804ddab50ff7305) Importer(815301076,1909f56bfc062723c751e8b465ee728b)  -> (artifact id: '58dcb98392dc55510cd769e38705470c') in 0.005732 seconds 
========================================================================
Received Import Request.
  Time since last request: 8.702137 seconds.
  path: Assets/Images/Level Images/Level 3.png
  artifactKey: Guid(951df8f18102e4c4e998198907a3b403) Importer(815301076,1909f56bfc062723c751e8b465ee728b)
Start importing Assets/Images/Level Images/Level 3.png using Guid(951df8f18102e4c4e998198907a3b403) Importer(815301076,1909f56bfc062723c751e8b465ee728b)  -> (artifact id: '6060d6dfbfeae8e13df600c2c6a30aac') in 0.077029 seconds 
========================================================================
Received Import Request.
  Time since last request: 0.000057 seconds.
  path: Assets/Images/Level Images/Level 2.png
  artifactKey: Guid(afd49fb7a1e2e41a6b409e50c3240968) Importer(815301076,1909f56bfc062723c751e8b465ee728b)
Start importing Assets/Images/Level Images/Level 2.png using Guid(afd49fb7a1e2e41a6b409e50c3240968) Importer(815301076,1909f56bfc062723c751e8b465ee728b)  -> (artifact id: '20eb5f16f52bfd9cc3edd19683b3e18a') in 0.042110 seconds 
========================================================================
Received Import Request.
  Time since last request: 146.209821 seconds.
  path: Assets/Scenes/Levels/(3) Rocket Division/Level 7 - Up In Space.unity
  artifactKey: Guid(239ee8efef0b042e8a4367b1cc235926) Importer(815301076,1909f56bfc062723c751e8b465ee728b)
Start importing Assets/Scenes/Levels/(3) Rocket Division/Level 7 - Up In Space.unity using Guid(239ee8efef0b042e8a4367b1cc235926) Importer(815301076,1909f56bfc062723c751e8b465ee728b)  -> (artifact id: '7da787c023950ab5a6b793d782e9817d') in 0.007865 seconds 
========================================================================
Received Import Request.
  Time since last request: 11.909120 seconds.
  path: Assets/Scenes/Levels/(4) Sound Championship/Level 8 - The Championship.unity
  artifactKey: Guid(3e0c5cbd18b20435ca221f6ee5e471ed) Importer(815301076,1909f56bfc062723c751e8b465ee728b)
Start importing Assets/Scenes/Levels/(4) Sound Championship/Level 8 - The Championship.unity using Guid(3e0c5cbd18b20435ca221f6ee5e471ed) Importer(815301076,1909f56bfc062723c751e8b465ee728b)  -> (artifact id: '3e24c3466fb1b2d75aacc23ff2c6f283') in 0.001889 seconds 
========================================================================
Received Import Request.
  Time since last request: 15.180634 seconds.
  path: Assets/Scenes/Levels/(5) Joy Division or Bonus Levels/Level 9 - Test Level.unity
  artifactKey: Guid(031089070f7ad47859942282e94e279b) Importer(815301076,1909f56bfc062723c751e8b465ee728b)
Start importing Assets/Scenes/Levels/(5) Joy Division or Bonus Levels/Level 9 - Test Level.unity using Guid(031089070f7ad47859942282e94e279b) Importer(815301076,1909f56bfc062723c751e8b465ee728b)  -> (artifact id: '33465683271642805be7c0142298757f') in 0.005584 seconds 
========================================================================
Received Import Request.
  Time since last request: 9.361238 seconds.
  path: Assets/Scenes/Levels/(5) Joy Division or Bonus Levels/Level 10 - The Storm.unity
  artifactKey: Guid(f166871139ea6435ba4d9b45922311e5) Importer(815301076,1909f56bfc062723c751e8b465ee728b)
Start importing Assets/Scenes/Levels/(5) Joy Division or Bonus Levels/Level 10 - The Storm.unity using Guid(f166871139ea6435ba4d9b45922311e5) Importer(815301076,1909f56bfc062723c751e8b465ee728b)  -> (artifact id: 'df26df386c4e71ffd7b044db177474b1') in 0.001763 seconds 
========================================================================
Received Import Request.
  Time since last request: 17.366302 seconds.
  path: Assets/Scenes/Menus/LevelSelectMenu.unity
  artifactKey: Guid(402545adc46966f4b8ae0dbc31419fa2) Importer(815301076,1909f56bfc062723c751e8b465ee728b)
Start importing Assets/Scenes/Menus/LevelSelectMenu.unity using Guid(402545adc46966f4b8ae0dbc31419fa2) Importer(815301076,1909f56bfc062723c751e8b465ee728b)  -> (artifact id: '559fb04343496df6982e3a7269adcbd9') in 0.008893 seconds 
========================================================================
Received Import Request.
  Time since last request: 40.051666 seconds.
  path: Assets/Images/Level Images/Level 6.png
  artifactKey: Guid(25f5eb6f2cf0b427ca204e63f45fe30a) Importer(815301076,1909f56bfc062723c751e8b465ee728b)
Start importing Assets/Images/Level Images/Level 6.png using Guid(25f5eb6f2cf0b427ca204e63f45fe30a) Importer(815301076,1909f56bfc062723c751e8b465ee728b)  -> (artifact id: 'f14af590aeaf15b71e16e0408ce776ea') in 0.028585 seconds 
========================================================================
Received Import Request.
  Time since last request: 0.000071 seconds.
  path: Assets/Images/Level Images/Level 8.png
  artifactKey: Guid(9f4a0587b769647b195dd4446c48329d) Importer(815301076,1909f56bfc062723c751e8b465ee728b)
Start importing Assets/Images/Level Images/Level 8.png using Guid(9f4a0587b769647b195dd4446c48329d) Importer(815301076,1909f56bfc062723c751e8b465ee728b)  -> (artifact id: '971848fd6e985484e890801641440006') in 0.006348 seconds 
========================================================================
Received Import Request.
  Time since last request: 0.000054 seconds.
  path: Assets/Images/Level Images/Level 10.png
  artifactKey: Guid(db5a67f53436d4dee8b61e7aa0dcb23e) Importer(815301076,1909f56bfc062723c751e8b465ee728b)
Start importing Assets/Images/Level Images/Level 10.png using Guid(db5a67f53436d4dee8b61e7aa0dcb23e) Importer(815301076,1909f56bfc062723c751e8b465ee728b)  -> (artifact id: '1d0b4087590a991a9e8ba404f9e840d0') in 0.004706 seconds 
========================================================================
Received Import Request.
  Time since last request: 6.740910 seconds.
  path: Assets/Images/Level Images/Level 6.png
  artifactKey: Guid(25f5eb6f2cf0b427ca204e63f45fe30a) Importer(815301076,1909f56bfc062723c751e8b465ee728b)
Start importing Assets/Images/Level Images/Level 6.png using Guid(25f5eb6f2cf0b427ca204e63f45fe30a) Importer(815301076,1909f56bfc062723c751e8b465ee728b)  -> (artifact id: 'beea6a52b160dd8ca0f42f4b64b3bab9') in 0.043885 seconds 
========================================================================
Received Import Request.
  Time since last request: 0.000077 seconds.
  path: Assets/Images/Level Images/Level 8.png
  artifactKey: Guid(9f4a0587b769647b195dd4446c48329d) Importer(815301076,1909f56bfc062723c751e8b465ee728b)
Start importing Assets/Images/Level Images/Level 8.png using Guid(9f4a0587b769647b195dd4446c48329d) Importer(815301076,1909f56bfc062723c751e8b465ee728b)  -> (artifact id: 'aab94867342516e63b8303bb04382e8d') in 0.037483 seconds 
========================================================================
Received Import Request.
  Time since last request: 0.000103 seconds.
  path: Assets/Images/Level Images/Level 10.png
  artifactKey: Guid(db5a67f53436d4dee8b61e7aa0dcb23e) Importer(815301076,1909f56bfc062723c751e8b465ee728b)
Start importing Assets/Images/Level Images/Level 10.png using Guid(db5a67f53436d4dee8b61e7aa0dcb23e) Importer(815301076,1909f56bfc062723c751e8b465ee728b)  -> (artifact id: '1ccbf30153c1835dbd48f291055d9ceb') in 0.026369 seconds 
AssetImportWorkerClient::OnTransportError - code=2 error=End of file
